UniPlugin-Hello-AS/app/build/outputs/logs/manifest-merger-debug-report.txt
-- Merging decision tree log ---
manifest
ADDED from src/main/AndroidManifest.xml:2:1-125:12
INJECTED from src/main/AndroidManifest.xml:2:1-125:12
INJECTED from src/main/AndroidManifest.xml:2:1-125:12
INJECTED from src/main/AndroidManifest.xml:2:1-125:12
MERGED from [lib.5plus.base-release.aar] AndroidManifest.xml:2:1-228:12
MERGED from [uppro_auth_sdk.aar] AndroidManifest.xml:2:1-11:12
MERGED from [uniapp-release.aar] AndroidManifest.xml:20:1-37:12
MERGED from [com.android.support:recyclerview-v7:25.3.1] AndroidManifest.xml:17:1-26:12
MERGED from [com.android.support:appcompat-v7:25.3.1] AndroidManifest.xml:17:1-31:12
MERGED from [:uniplugin_richalert] AndroidManifest.xml:2:1-76:12
MERGED from [com.facebook.fresco:fresco:0.12.0] AndroidManifest.xml:2:1-9:12
MERGED from [com.facebook.fresco:drawee:0.12.0] AndroidManifest.xml:2:1-9:12
MERGED from [com.facebook.fresco:imagepipeline:0.12.0] AndroidManifest.xml:2:1-9:12
MERGED from [com.facebook.fresco:imagepipeline-base:0.12.0] AndroidManifest.xml:2:1-9:12
MERGED from [com.android.support:support-v4:25.3.1] AndroidManifest.xml:17:1-31:12
MERGED from [com.alibaba.android:bindingx-core:1.0.3] AndroidManifest.xml:2:1-11:12
MERGED from [com.alibaba.android:bindingx_weex_plugin:1.0.3] AndroidManifest.xml:2:1-21:12
MERGED from [com.github.bumptech.glide:glide:4.9.0] AndroidManifest.xml:2:1-12:12
MERGED from [com.github.bumptech.glide:gifdecoder:4.9.0] AndroidManifest.xml:2:1-11:12
MERGED from [com.android.support:support-fragment:27.1.1] AndroidManifest.xml:17:1-22:12
MERGED from [com.android.support:support-media-compat:25.3.1] AndroidManifest.xml:17:1-31:12
MERGED from [com.android.support:animated-vector-drawable:27.1.1] AndroidManifest.xml:17:1-22:12
MERGED from [com.android.support:support-core-ui:27.1.1] AndroidManifest.xml:17:1-22:12
MERGED from [com.android.support:support-core-utils:27.1.1] AndroidManifest.xml:17:1-22:12
MERGED from [com.android.support:support-vector-drawable:27.1.1] AndroidManifest.xml:17:1-22:12
MERGED from [com.android.support:support-compat:27.1.1] AndroidManifest.xml:17:1-22:12
MERGED from [com.facebook.fresco:fbcore:0.12.0] AndroidManifest.xml:2:1-9:12
MERGED from [android.arch.lifecycle:livedata-core:1.1.0] AndroidManifest.xml:17:1-22:12
MERGED from [android.arch.lifecycle:viewmodel:1.1.0] AndroidManifest.xml:17:1-22:12
MERGED from [android.arch.lifecycle:runtime:1.1.0] AndroidManifest.xml:17:1-22:12
MERGED from [android.arch.core:runtime:1.1.0] AndroidManifest.xml:17:1-22:12
INJECTED from src/main/AndroidManifest.xml:2:1-125:12
INJECTED from src/main/AndroidManifest.xml:2:1-125:12
INJECTED from src/main/AndroidManifest.xml:2:1-125:12
	package
		ADDED from src/main/AndroidManifest.xml:3:5-38
		INJECTED from src/main/AndroidManifest.xml
		INJECTED from src/main/AndroidManifest.xml
	android:versionName
		INJECTED from src/main/AndroidManifest.xml
		ADDED from src/main/AndroidManifest.xml:2:1-125:12
		INJECTED from src/main/AndroidManifest.xml
	android:versionCode
		INJECTED from src/main/AndroidManifest.xml
		ADDED from src/main/AndroidManifest.xml:2:1-125:12
		INJECTED from src/main/AndroidManifest.xml
	xmlns:android
		ADDED from src/main/AndroidManifest.xml:2:11-69
supports-screens
ADDED from src/main/AndroidManifest.xml:5:5-10:39
MERGED from [lib.5plus.base-release.aar] AndroidManifest.xml:9:5-14:39
MERGED from [lib.5plus.base-release.aar] AndroidManifest.xml:9:5-14:39
MERGED from [:uniplugin_richalert] AndroidManifest.xml:11:5-16:39
MERGED from [:uniplugin_richalert] AndroidManifest.xml:11:5-16:39
	android:largeScreens
		ADDED from src/main/AndroidManifest.xml:7:9-36
	android:smallScreens
		ADDED from src/main/AndroidManifest.xml:10:9-36
	android:normalScreens
		ADDED from src/main/AndroidManifest.xml:8:9-37
	android:resizeable
		ADDED from src/main/AndroidManifest.xml:9:9-34
	android:anyDensity
		ADDED from src/main/AndroidManifest.xml:6:9-34
uses-permission#android.permission.CAMERA
ADDED from src/main/AndroidManifest.xml:13:5-65
MERGED from [:uniplugin_richalert] AndroidManifest.xml:19:5-65
MERGED from [:uniplugin_richalert] AndroidManifest.xml:19:5-65
	android:name
		ADDED from src/main/AndroidManifest.xml:13:22-62
uses-permission#android.permission.WRITE_EXTERNAL_STORAGE
ADDED from src/main/AndroidManifest.xml:14:5-81
MERGED from [lib.5plus.base-release.aar] AndroidManifest.xml:16:5-81
MERGED from [lib.5plus.base-release.aar] AndroidManifest.xml:16:5-81
MERGED from [:uniplugin_richalert] AndroidManifest.xml:20:5-81
MERGED from [:uniplugin_richalert] AndroidManifest.xml:20:5-81
MERGED from [:uniplugin_richalert] AndroidManifest.xml:44:5-81
MERGED from [:uniplugin_richalert] AndroidManifest.xml:44:5-81
	android:name
		ADDED from src/main/AndroidManifest.xml:14:22-78
uses-feature#android.hardware.camera
ADDED from src/main/AndroidManifest.xml:16:5-60
MERGED from [:uniplugin_richalert] AndroidManifest.xml:22:5-60
MERGED from [:uniplugin_richalert] AndroidManifest.xml:22:5-60
	android:name
		ADDED from src/main/AndroidManifest.xml:16:19-57
uses-feature#android.hardware.camera.autofocus
ADDED from src/main/AndroidManifest.xml:17:5-70
MERGED from [:uniplugin_richalert] AndroidManifest.xml:23:5-70
MERGED from [:uniplugin_richalert] AndroidManifest.xml:23:5-70
	android:name
		ADDED from src/main/AndroidManifest.xml:17:19-67
uses-permission#android.permission.VIBRATE
ADDED from src/main/AndroidManifest.xml:19:5-66
MERGED from [:uniplugin_richalert] AndroidManifest.xml:25:5-66
MERGED from [:uniplugin_richalert] AndroidManifest.xml:25:5-66
	android:name
		ADDED from src/main/AndroidManifest.xml:19:22-63
uses-permission#android.permission.FLASHLIGHT
ADDED from src/main/AndroidManifest.xml:20:5-69
MERGED from [:uniplugin_richalert] AndroidManifest.xml:26:5-69
MERGED from [:uniplugin_richalert] AndroidManifest.xml:26:5-69
	android:name
		ADDED from src/main/AndroidManifest.xml:20:22-66
uses-permission#android.permission.INTERNET
ADDED from src/main/AndroidManifest.xml:21:5-67
MERGED from [lib.5plus.base-release.aar] AndroidManifest.xml:17:5-67
MERGED from [lib.5plus.base-release.aar] AndroidManifest.xml:17:5-67
MERGED from [:uniplugin_richalert] AndroidManifest.xml:27:5-67
MERGED from [:uniplugin_richalert] AndroidManifest.xml:27:5-67
MERGED from [:uniplugin_richalert] AndroidManifest.xml:28:5-67
MERGED from [:uniplugin_richalert] AndroidManifest.xml:28:5-67
MERGED from [:uniplugin_richalert] AndroidManifest.xml:41:5-67
MERGED from [:uniplugin_richalert] AndroidManifest.xml:41:5-67
	android:name
		ADDED from src/main/AndroidManifest.xml:21:22-64
uses-permission#android.permission.ACCESS_NETWORK_STATE
ADDED from src/main/AndroidManifest.xml:27:5-29:65
MERGED from [lib.5plus.base-release.aar] AndroidManifest.xml:18:5-79
MERGED from [lib.5plus.base-release.aar] AndroidManifest.xml:18:5-79
MERGED from [:uniplugin_richalert] AndroidManifest.xml:29:5-79
MERGED from [:uniplugin_richalert] AndroidManifest.xml:29:5-79
MERGED from [:uniplugin_richalert] AndroidManifest.xml:42:5-79
MERGED from [:uniplugin_richalert] AndroidManifest.xml:42:5-79
	android:name
		ADDED from src/main/AndroidManifest.xml:29:9-63
uses-permission#android.permission.CHANGE_NETWORK_STATE
ADDED from src/main/AndroidManifest.xml:31:5-33:65
MERGED from [:uniplugin_richalert] AndroidManifest.xml:30:5-79
MERGED from [:uniplugin_richalert] AndroidManifest.xml:30:5-79
MERGED from [:uniplugin_richalert] AndroidManifest.xml:43:5-79
MERGED from [:uniplugin_richalert] AndroidManifest.xml:43:5-79
	android:name
		ADDED from src/main/AndroidManifest.xml:33:9-63
uses-permission#android.permission.WRITE_EXTERN AL_STORAGE
ADDED from src/main/AndroidManifest.xml:35:5-36:68
MERGED from [:uniplugin_richalert] AndroidManifest.xml:31:5-82
MERGED from [:uniplugin_richalert] AndroidManifest.xml:31:5-82
	android:name
		ADDED from src/main/AndroidManifest.xml:36:9-66
uses-permission#android.permission.READ_PHONE_STATE
ADDED from src/main/AndroidManifest.xml:38:5-39:61
MERGED from [:uniplugin_richalert] AndroidManifest.xml:32:5-75
MERGED from [:uniplugin_richalert] AndroidManifest.xml:32:5-75
MERGED from [:uniplugin_richalert] AndroidManifest.xml:45:5-75
MERGED from [:uniplugin_richalert] AndroidManifest.xml:45:5-75
	android:name
		ADDED from src/main/AndroidManifest.xml:39:9-59
uses-permission#android.permission.ACCESS_WIFI_STATE
ADDED from src/main/AndroidManifest.xml:41:5-42:62
MERGED from [:uniplugin_richalert] AndroidManifest.xml:33:5-76
MERGED from [:uniplugin_richalert] AndroidManifest.xml:33:5-76
MERGED from [:uniplugin_richalert] AndroidManifest.xml:46:5-76
MERGED from [:uniplugin_richalert] AndroidManifest.xml:46:5-76
	android:name
		ADDED from src/main/AndroidManifest.xml:42:9-60
uses-permission#android.permission.NFC
ADDED from src/main/AndroidManifest.xml:44:5-45:49
MERGED from [:uniplugin_richalert] AndroidManifest.xml:34:5-62
MERGED from [:uniplugin_richalert] AndroidManifest.xml:34:5-62
MERGED from [:uniplugin_richalert] AndroidManifest.xml:47:5-62
MERGED from [:uniplugin_richalert] AndroidManifest.xml:47:5-62
	android:name
		ADDED from src/main/AndroidManifest.xml:45:9-46
uses-feature#android.hardware.nfc.hce
ADDED from src/main/AndroidManifest.xml:47:5-48:50
MERGED from [:uniplugin_richalert] AndroidManifest.xml:36:5-61
MERGED from [:uniplugin_richalert] AndroidManifest.xml:36:5-61
MERGED from [:uniplugin_richalert] AndroidManifest.xml:49:5-61
MERGED from [:uniplugin_richalert] AndroidManifest.xml:49:5-61
	android:name
		ADDED from src/main/AndroidManifest.xml:48:9-48
uses-permission#org.simalliance.openmobileap i.SMARTCARD
ADDED from src/main/AndroidManifest.xml:50:5-51:67
MERGED from [:uniplugin_richalert] AndroidManifest.xml:38:5-80
MERGED from [:uniplugin_richalert] AndroidManifest.xml:38:5-80
	android:name
		ADDED from src/main/AndroidManifest.xml:51:9-64
uses-permission#org.simalliance.openmobileapi.SMARTCARD
ADDED from src/main/AndroidManifest.xml:62:5-79
MERGED from [:uniplugin_richalert] AndroidManifest.xml:51:5-79
MERGED from [:uniplugin_richalert] AndroidManifest.xml:51:5-79
	android:name
		ADDED from src/main/AndroidManifest.xml:62:22-76
application
ADDED from src/main/AndroidManifest.xml:66:5-81:19
MERGED from [lib.5plus.base-release.aar] AndroidManifest.xml:58:5-226:19
MERGED from [lib.5plus.base-release.aar] AndroidManifest.xml:58:5-226:19
MERGED from [uniapp-release.aar] AndroidManifest.xml:29:5-35:19
MERGED from [uniapp-release.aar] AndroidManifest.xml:29:5-35:19
MERGED from [com.android.support:appcompat-v7:25.3.1] AndroidManifest.xml:29:5-20
MERGED from [com.android.support:appcompat-v7:25.3.1] AndroidManifest.xml:29:5-20
MERGED from [:uniplugin_richalert] AndroidManifest.xml:53:5-74:19
MERGED from [:uniplugin_richalert] AndroidManifest.xml:53:5-74:19
MERGED from [com.android.support:support-v4:25.3.1] AndroidManifest.xml:29:5-20
MERGED from [com.android.support:support-v4:25.3.1] AndroidManifest.xml:29:5-20
MERGED from [com.alibaba.android:bindingx_weex_plugin:1.0.3] AndroidManifest.xml:9:5-19:19
MERGED from [com.alibaba.android:bindingx_weex_plugin:1.0.3] AndroidManifest.xml:9:5-19:19
MERGED from [com.github.bumptech.glide:glide:4.9.0] AndroidManifest.xml:10:5-20
MERGED from [com.github.bumptech.glide:glide:4.9.0] AndroidManifest.xml:10:5-20
MERGED from [com.github.bumptech.glide:gifdecoder:4.9.0] AndroidManifest.xml:9:5-20
MERGED from [com.github.bumptech.glide:gifdecoder:4.9.0] AndroidManifest.xml:9:5-20
MERGED from [com.android.support:support-media-compat:25.3.1] AndroidManifest.xml:29:5-20
MERGED from [com.android.support:support-media-compat:25.3.1] AndroidManifest.xml:29:5-20
	android:supportsRtl
		ADDED from src/main/AndroidManifest.xml:71:9-35
	android:label
		ADDED from src/main/AndroidManifest.xml:69:9-41
	android:roundIcon
		ADDED from src/main/AndroidManifest.xml:70:9-43
	android:icon
		ADDED from src/main/AndroidManifest.xml:68:9-38
	android:allowBackup
		ADDED from src/main/AndroidManifest.xml:67:9-35
	android:name
		ADDED from [lib.5plus.base-release.aar] AndroidManifest.xml:59:9-63
	android:usesCleartextTraffic
		ADDED from src/main/AndroidManifest.xml:72:9-44
activity#com.baobaoloufu.android.MainActivity
ADDED from src/main/AndroidManifest.xml:73:9-79:20
	android:name
		ADDED from src/main/AndroidManifest.xml:73:19-47
intent-filter#action:name:android.intent.action.MAIN+category:name:android.intent.category.LAUNCHER
ADDED from src/main/AndroidManifest.xml:74:13-78:29
action#android.intent.action.MAIN
ADDED from src/main/AndroidManifest.xml:75:17-69
	android:name
		ADDED from src/main/AndroidManifest.xml:75:25-66
category#android.intent.category.LAUNCHER
ADDED from src/main/AndroidManifest.xml:77:17-77
	android:name
		ADDED from src/main/AndroidManifest.xml:77:27-74
uses-sdk
INJECTED from src/main/AndroidManifest.xml reason: use-sdk injection requested
INJECTED from src/main/AndroidManifest.xml
INJECTED from src/main/AndroidManifest.xml
MERGED from [lib.5plus.base-release.aar] AndroidManifest.xml:7:5-44
MERGED from [lib.5plus.base-release.aar] AndroidManifest.xml:7:5-44
MERGED from [uppro_auth_sdk.aar] AndroidManifest.xml:7:5-9:41
MERGED from [uppro_auth_sdk.aar] AndroidManifest.xml:7:5-9:41
MERGED from [uniapp-release.aar] AndroidManifest.xml:25:5-27:41
MERGED from [uniapp-release.aar] AndroidManifest.xml:25:5-27:41
MERGED from [com.android.support:recyclerview-v7:25.3.1] AndroidManifest.xml:20:5-43
MERGED from [com.android.support:recyclerview-v7:25.3.1] AndroidManifest.xml:20:5-43
MERGED from [com.android.support:appcompat-v7:25.3.1] AndroidManifest.xml:21:5-23:78
MERGED from [com.android.support:appcompat-v7:25.3.1] AndroidManifest.xml:21:5-23:78
MERGED from [:uniplugin_richalert] AndroidManifest.xml:7:5-9:41
MERGED from [:uniplugin_richalert] AndroidManifest.xml:7:5-9:41
MERGED from [com.facebook.fresco:fresco:0.12.0] AndroidManifest.xml:5:5-7:41
MERGED from [com.facebook.fresco:fresco:0.12.0] AndroidManifest.xml:5:5-7:41
MERGED from [com.facebook.fresco:drawee:0.12.0] AndroidManifest.xml:5:5-7:41
MERGED from [com.facebook.fresco:drawee:0.12.0] AndroidManifest.xml:5:5-7:41
MERGED from [com.facebook.fresco:imagepipeline:0.12.0] AndroidManifest.xml:5:5-7:41
MERGED from [com.facebook.fresco:imagepipeline:0.12.0] AndroidManifest.xml:5:5-7:41
MERGED from [com.facebook.fresco:imagepipeline-base:0.12.0] AndroidManifest.xml:5:5-7:41
MERGED from [com.facebook.fresco:imagepipeline-base:0.12.0] AndroidManifest.xml:5:5-7:41
MERGED from [com.android.support:support-v4:25.3.1] AndroidManifest.xml:21:5-23:54
MERGED from [com.android.support:support-v4:25.3.1] AndroidManifest.xml:21:5-23:54
MERGED from [com.alibaba.android:bindingx-core:1.0.3] AndroidManifest.xml:7:5-9:41
MERGED from [com.alibaba.android:bindingx-core:1.0.3] AndroidManifest.xml:7:5-9:41
MERGED from [com.alibaba.android:bindingx_weex_plugin:1.0.3] AndroidManifest.xml:5:5-7:41
MERGED from [com.alibaba.android:bindingx_weex_plugin:1.0.3] AndroidManifest.xml:5:5-7:41
MERGED from [com.github.bumptech.glide:glide:4.9.0] AndroidManifest.xml:6:5-8:41
MERGED from [com.github.bumptech.glide:glide:4.9.0] AndroidManifest.xml:6:5-8:41
MERGED from [com.github.bumptech.glide:gifdecoder:4.9.0] AndroidManifest.xml:5:5-7:41
MERGED from [com.github.bumptech.glide:gifdecoder:4.9.0] AndroidManifest.xml:5:5-7:41
MERGED from [com.android.support:support-fragment:27.1.1] AndroidManifest.xml:20:5-44
MERGED from [com.android.support:support-fragment:27.1.1] AndroidManifest.xml:20:5-44
MERGED from [com.android.support:support-media-compat:25.3.1] AndroidManifest.xml:21:5-23:63
MERGED from [com.android.support:support-media-compat:25.3.1] AndroidManifest.xml:21:5-23:63
MERGED from [com.android.support:animated-vector-drawable:27.1.1] AndroidManifest.xml:20:5-44
MERGED from [com.android.support:animated-vector-drawable:27.1.1] AndroidManifest.xml:20:5-44
MERGED from [com.android.support:support-core-ui:27.1.1] AndroidManifest.xml:20:5-44
MERGED from [com.android.support:support-core-ui:27.1.1] AndroidManifest.xml:20:5-44
MERGED from [com.android.support:support-core-utils:27.1.1] AndroidManifest.xml:20:5-44
MERGED from [com.android.support:support-core-utils:27.1.1] AndroidManifest.xml:20:5-44
MERGED from [com.android.support:support-vector-drawable:27.1.1] AndroidManifest.xml:20:5-44
MERGED from [com.android.support:support-vector-drawable:27.1.1] AndroidManifest.xml:20:5-44
MERGED from [com.android.support:support-compat:27.1.1] AndroidManifest.xml:20:5-44
MERGED from [com.android.support:support-compat:27.1.1] AndroidManifest.xml:20:5-44
MERGED from [com.facebook.fresco:fbcore:0.12.0] AndroidManifest.xml:5:5-7:41
MERGED from [com.facebook.fresco:fbcore:0.12.0] AndroidManifest.xml:5:5-7:41
MERGED from [android.arch.lifecycle:livedata-core:1.1.0] AndroidManifest.xml:20:5-44
MERGED from [android.arch.lifecycle:livedata-core:1.1.0] AndroidManifest.xml:20:5-44
MERGED from [android.arch.lifecycle:viewmodel:1.1.0] AndroidManifest.xml:20:5-44
MERGED from [android.arch.lifecycle:viewmodel:1.1.0] AndroidManifest.xml:20:5-44
MERGED from [android.arch.lifecycle:runtime:1.1.0] AndroidManifest.xml:20:5-44
MERGED from [android.arch.lifecycle:runtime:1.1.0] AndroidManifest.xml:20:5-44
MERGED from [android.arch.core:runtime:1.1.0] AndroidManifest.xml:20:5-44
MERGED from [android.arch.core:runtime:1.1.0] AndroidManifest.xml:20:5-44
INJECTED from src/main/AndroidManifest.xml
INJECTED from src/main/AndroidManifest.xml
	tools:overrideLibrary
		ADDED from [com.android.support:appcompat-v7:25.3.1] AndroidManifest.xml:23:9-75
	android:targetSdkVersion
		INJECTED from src/main/AndroidManifest.xml
		ADDED from src/main/AndroidManifest.xml
		INJECTED from src/main/AndroidManifest.xml
	android:minSdkVersion
		INJECTED from src/main/AndroidManifest.xml
		ADDED from src/main/AndroidManifest.xml
		INJECTED from src/main/AndroidManifest.xml
uses-permission#com.android.launcher.permission.UNINSTALL_SHORTCUT
ADDED from [lib.5plus.base-release.aar] AndroidManifest.xml:19:5-90
	android:name
		ADDED from [lib.5plus.base-release.aar] AndroidManifest.xml:19:22-87
uses-permission#com.huawei.android.launcher.permission.CHANGE_BADGE
ADDED from [lib.5plus.base-release.aar] AndroidManifest.xml:21:5-91
	android:name
		ADDED from [lib.5plus.base-release.aar] AndroidManifest.xml:21:22-88
uses-permission#com.android.launcher.permission.INSTALL_SHORTCUT
ADDED from [lib.5plus.base-release.aar] AndroidManifest.xml:22:5-88
	android:name
		ADDED from [lib.5plus.base-release.aar] AndroidManifest.xml:22:22-85
uses-permission#com.android.launcher.permission.READ_SETTINGS
ADDED from [lib.5plus.base-release.aar] AndroidManifest.xml:23:5-85
	android:name
		ADDED from [lib.5plus.base-release.aar] AndroidManifest.xml:23:22-82
uses-permission#com.android.launcher2.permission.READ_SETTINGS
ADDED from [lib.5plus.base-release.aar] AndroidManifest.xml:24:5-86
	android:name
		ADDED from [lib.5plus.base-release.aar] AndroidManifest.xml:24:22-83
uses-permission#com.android.launcher3.permission.READ_SETTINGS
ADDED from [lib.5plus.base-release.aar] AndroidManifest.xml:25:5-86
	android:name
		ADDED from [lib.5plus.base-release.aar] AndroidManifest.xml:25:22-83
uses-permission#com.yulong.android.launcherL.permission.READ_SETTINGS
ADDED from [lib.5plus.base-release.aar] AndroidManifest.xml:26:5-93
	android:name
		ADDED from [lib.5plus.base-release.aar] AndroidManifest.xml:26:22-90
uses-permission#com.meizu.flyme.launcher.permission.READ_SETTINGS
ADDED from [lib.5plus.base-release.aar] AndroidManifest.xml:27:5-89
	android:name
		ADDED from [lib.5plus.base-release.aar] AndroidManifest.xml:27:22-86
uses-permission#com.bbk.launcher2.permission.READ_SETTINGS
ADDED from [lib.5plus.base-release.aar] AndroidManifest.xml:28:5-82
	android:name
		ADDED from [lib.5plus.base-release.aar] AndroidManifest.xml:28:22-79
uses-permission#com.oppo.launcher.permission.READ_SETTINGS
ADDED from [lib.5plus.base-release.aar] AndroidManifest.xml:29:5-82
	android:name
		ADDED from [lib.5plus.base-release.aar] AndroidManifest.xml:29:22-79
uses-permission#com.htc.launcher.permission.READ_SETTINGS
ADDED from [lib.5plus.base-release.aar] AndroidManifest.xml:30:5-81
	android:name
		ADDED from [lib.5plus.base-release.aar] AndroidManifest.xml:30:22-78
uses-permission#com.qiku.launcher.permission.READ_SETTINGS
ADDED from [lib.5plus.base-release.aar] AndroidManifest.xml:31:5-82
	android:name
		ADDED from [lib.5plus.base-release.aar] AndroidManifest.xml:31:22-79
uses-permission#com.huawei.android.launcher.permission.READ_SETTINGS
ADDED from [lib.5plus.base-release.aar] AndroidManifest.xml:32:5-92
	android:name
		ADDED from [lib.5plus.base-release.aar] AndroidManifest.xml:32:22-89
uses-permission#com.zte.mifavor.launcher.permission.READ_SETTINGS
ADDED from [lib.5plus.base-release.aar] AndroidManifest.xml:33:5-89
	android:name
		ADDED from [lib.5plus.base-release.aar] AndroidManifest.xml:33:22-86
uses-permission#com.lenovo.launcher.permission.READ_SETTINGS
ADDED from [lib.5plus.base-release.aar] AndroidManifest.xml:34:5-84
	android:name
		ADDED from [lib.5plus.base-release.aar] AndroidManifest.xml:34:22-81
uses-permission#com.google.android.launcher.permission.READ_SETTINGS
ADDED from [lib.5plus.base-release.aar] AndroidManifest.xml:35:5-92
	android:name
		ADDED from [lib.5plus.base-release.aar] AndroidManifest.xml:35:22-89
uses-permission#com.yulong.android.launcher3.READ_SETTINGS
ADDED from [lib.5plus.base-release.aar] AndroidManifest.xml:36:5-82
	android:name
		ADDED from [lib.5plus.base-release.aar] AndroidManifest.xml:36:22-79
uses-permission#org.adw.launcher.permission.READ_SETTINGS
ADDED from [lib.5plus.base-release.aar] AndroidManifest.xml:37:5-81
	android:name
		ADDED from [lib.5plus.base-release.aar] AndroidManifest.xml:37:22-78
uses-permission#com.qihoo360.launcher.permission.READ_SETTINGS
ADDED from [lib.5plus.base-release.aar] AndroidManifest.xml:38:5-86
	android:name
		ADDED from [lib.5plus.base-release.aar] AndroidManifest.xml:38:22-83
uses-permission#com.lge.launcher.permission.READ_SETTINGS
ADDED from [lib.5plus.base-release.aar] AndroidManifest.xml:39:5-81
	android:name
		ADDED from [lib.5plus.base-release.aar] AndroidManifest.xml:39:22-78
uses-permission#net.qihoo.launcher.permission.READ_SETTINGS
ADDED from [lib.5plus.base-release.aar] AndroidManifest.xml:40:5-83
	android:name
		ADDED from [lib.5plus.base-release.aar] AndroidManifest.xml:40:22-80
uses-permission#org.adwfreak.launcher.permission.READ_SETTINGS
ADDED from [lib.5plus.base-release.aar] AndroidManifest.xml:41:5-86
	android:name
		ADDED from [lib.5plus.base-release.aar] AndroidManifest.xml:41:22-83
uses-permission#org.adw.launcher_donut.permission.READ_SETTINGS
ADDED from [lib.5plus.base-release.aar] AndroidManifest.xml:42:5-87
	android:name
		ADDED from [lib.5plus.base-release.aar] AndroidManifest.xml:42:22-84
uses-permission#com.huawei.launcher3.permission.READ_SETTINGS
ADDED from [lib.5plus.base-release.aar] AndroidManifest.xml:43:5-85
	android:name
		ADDED from [lib.5plus.base-release.aar] AndroidManifest.xml:43:22-82
uses-permission#com.fede.launcher.permission.READ_SETTINGS
ADDED from [lib.5plus.base-release.aar] AndroidManifest.xml:44:5-82
	android:name
		ADDED from [lib.5plus.base-release.aar] AndroidManifest.xml:44:22-79
uses-permission#com.sec.android.app.twlauncher.settings.READ_SETTINGS
ADDED from [lib.5plus.base-release.aar] AndroidManifest.xml:45:5-93
	android:name
		ADDED from [lib.5plus.base-release.aar] AndroidManifest.xml:45:22-90
uses-permission#com.tencent.qqlauncher.permission.READ_SETTINGS
ADDED from [lib.5plus.base-release.aar] AndroidManifest.xml:46:5-87
	android:name
		ADDED from [lib.5plus.base-release.aar] AndroidManifest.xml:46:22-84
uses-permission#com.huawei.launcher2.permission.READ_SETTINGS
ADDED from [lib.5plus.base-release.aar] AndroidManifest.xml:47:5-85
	android:name
		ADDED from [lib.5plus.base-release.aar] AndroidManifest.xml:47:22-82
uses-permission#com.ebproductions.android.launcher.permission.READ_SETTINGS
ADDED from [lib.5plus.base-release.aar] AndroidManifest.xml:48:5-99
	android:name
		ADDED from [lib.5plus.base-release.aar] AndroidManifest.xml:48:22-96
uses-permission#com.nd.android.launcher.permission.READ_SETTINGS
ADDED from [lib.5plus.base-release.aar] AndroidManifest.xml:49:5-88
	android:name
		ADDED from [lib.5plus.base-release.aar] AndroidManifest.xml:49:22-85
uses-permission#com.yulong.android.launcher.permission.READ_SETTINGS
ADDED from [lib.5plus.base-release.aar] AndroidManifest.xml:50:5-92
	android:name
		ADDED from [lib.5plus.base-release.aar] AndroidManifest.xml:50:22-89
uses-permission#com.android.mylauncher.permission.READ_SETTINGS
ADDED from [lib.5plus.base-release.aar] AndroidManifest.xml:51:5-87
	android:name
		ADDED from [lib.5plus.base-release.aar] AndroidManifest.xml:51:22-84
uses-permission#com.ztemt.launcher.permission.READ_SETTINGS
ADDED from [lib.5plus.base-release.aar] AndroidManifest.xml:52:5-83
	android:name
		ADDED from [lib.5plus.base-release.aar] AndroidManifest.xml:52:22-80
uses-permission#cn.nubia.launcher.permission.READ_SETTINGS
ADDED from [lib.5plus.base-release.aar] AndroidManifest.xml:53:5-82
	android:name
		ADDED from [lib.5plus.base-release.aar] AndroidManifest.xml:53:22-79
uses-permission#com.gionee.amisystem.permission.READ_SHORTCUT
ADDED from [lib.5plus.base-release.aar] AndroidManifest.xml:54:5-85
	android:name
		ADDED from [lib.5plus.base-release.aar] AndroidManifest.xml:54:22-82
uses-permission#android.permission.REQUEST_INSTALL_PACKAGES
ADDED from [lib.5plus.base-release.aar] AndroidManifest.xml:56:5-83
	android:name
		ADDED from [lib.5plus.base-release.aar] AndroidManifest.xml:56:22-80
activity#io.dcloud.PandoraEntryActivity
ADDED from [lib.5plus.base-release.aar] AndroidManifest.xml:62:9-79:20
	android:screenOrientation
		ADDED from [lib.5plus.base-release.aar] AndroidManifest.xml:68:13-45
	android:launchMode
		ADDED from [lib.5plus.base-release.aar] AndroidManifest.xml:66:13-44
	android:hardwareAccelerated
		ADDED from [lib.5plus.base-release.aar] AndroidManifest.xml:65:13-47
	android:windowSoftInputMode
		ADDED from [lib.5plus.base-release.aar] AndroidManifest.xml:70:13-55
	android:permission
		ADDED from [lib.5plus.base-release.aar] AndroidManifest.xml:67:13-89
	android:configChanges
		ADDED from [lib.5plus.base-release.aar] AndroidManifest.xml:64:13-92
	android:theme
		ADDED from [lib.5plus.base-release.aar] AndroidManifest.xml:69:13-47
	android:name
		ADDED from [lib.5plus.base-release.aar] AndroidManifest.xml:63:13-58
intent-filter#action:name:android.intent.action.VIEW+category:name:android.intent.category.BROWSABLE+category:name:android.intent.category.DEFAULT+data:scheme:h56131bcf
ADDED from [lib.5plus.base-release.aar] AndroidManifest.xml:71:13-78:29
category#android.intent.category.DEFAULT
ADDED from [lib.5plus.base-release.aar] AndroidManifest.xml:72:17-76
	android:name
		ADDED from [lib.5plus.base-release.aar] AndroidManifest.xml:72:27-73
category#android.intent.category.BROWSABLE
ADDED from [lib.5plus.base-release.aar] AndroidManifest.xml:73:17-78
	android:name
		ADDED from [lib.5plus.base-release.aar] AndroidManifest.xml:73:27-75
action#android.intent.action.VIEW
ADDED from [lib.5plus.base-release.aar] AndroidManifest.xml:75:17-69
	android:name
		ADDED from [lib.5plus.base-release.aar] AndroidManifest.xml:75:25-66
data
ADDED from [lib.5plus.base-release.aar] AndroidManifest.xml:77:17-52
	android:scheme
		ADDED from [lib.5plus.base-release.aar] AndroidManifest.xml:77:23-49
service#io.dcloud.common.adapter.io.MiniServerService
ADDED from [lib.5plus.base-release.aar] AndroidManifest.xml:81:9-83:40
	android:exported
		ADDED from [lib.5plus.base-release.aar] AndroidManifest.xml:83:13-37
	android:name
		ADDED from [lib.5plus.base-release.aar] AndroidManifest.xml:82:13-73
receiver#io.dcloud.common.adapter.io.PushReceiver
ADDED from [lib.5plus.base-release.aar] AndroidManifest.xml:85:9-89:20
	android:name
		ADDED from [lib.5plus.base-release.aar] AndroidManifest.xml:85:19-74
intent-filter#action:name:dcloud.push.broswer
ADDED from [lib.5plus.base-release.aar] AndroidManifest.xml:86:13-88:29
action#dcloud.push.broswer
ADDED from [lib.5plus.base-release.aar] AndroidManifest.xml:87:17-62
	android:name
		ADDED from [lib.5plus.base-release.aar] AndroidManifest.xml:87:25-59
activity#io.dcloud.imagepick.CustomGalleryActivity
ADDED from [lib.5plus.base-release.aar] AndroidManifest.xml:91:9-94:40
	android:noHistory
		ADDED from [lib.5plus.base-release.aar] AndroidManifest.xml:94:13-37
	android:exported
		ADDED from [lib.5plus.base-release.aar] AndroidManifest.xml:93:13-37
	android:name
		ADDED from [lib.5plus.base-release.aar] AndroidManifest.xml:92:13-69
activity#io.dcloud.feature.nativeObj.photoview.PhotoActivity
ADDED from [lib.5plus.base-release.aar] AndroidManifest.xml:95:9-98:58
	android:noHistory
		ADDED from [lib.5plus.base-release.aar] AndroidManifest.xml:97:13-38
	android:theme
		ADDED from [lib.5plus.base-release.aar] AndroidManifest.xml:98:13-55
	android:name
		ADDED from [lib.5plus.base-release.aar] AndroidManifest.xml:96:13-79
activity#io.dcloud.appstream.StreamAppMainActivity
ADDED from [lib.5plus.base-release.aar] AndroidManifest.xml:99:9-120:20
	android:screenOrientation
		ADDED from [lib.5plus.base-release.aar] AndroidManifest.xml:104:13-49
	android:launchMode
		ADDED from [lib.5plus.base-release.aar] AndroidManifest.xml:103:13-44
	android:windowSoftInputMode
		ADDED from [lib.5plus.base-release.aar] AndroidManifest.xml:107:13-73
	android:exported
		ADDED from [lib.5plus.base-release.aar] AndroidManifest.xml:102:13-36
	android:configChanges
		ADDED from [lib.5plus.base-release.aar] AndroidManifest.xml:101:13-82
	android:theme
		ADDED from [lib.5plus.base-release.aar] AndroidManifest.xml:106:13-70
	android:taskAffinity
		ADDED from [lib.5plus.base-release.aar] AndroidManifest.xml:105:13-41
	android:name
		ADDED from [lib.5plus.base-release.aar] AndroidManifest.xml:100:13-69
intent-filter#action:name:android.intent.action.MAIN
ADDED from [lib.5plus.base-release.aar] AndroidManifest.xml:108:13-110:29